<?xml version="1.0" encoding="UTF-8"?>
<testsuite xmlns:xsi="http://www.w3.org/2001/XMLSchema-instance" xsi:noNamespaceSchemaLocation="https://maven.apache.org/surefire/maven-surefire-plugin/xsd/surefire-test-report.xsd" name="io.renren.RenrenApplicationTests" time="2.725" tests="1" errors="0" skipped="0" failures="0">
  <properties>
    <property name="sun.desktop" value="windows"/>
    <property name="awt.toolkit" value="sun.awt.windows.WToolkit"/>
    <property name="file.encoding.pkg" value="sun.io"/>
    <property name="java.specification.version" value="1.8"/>
    <property name="sun.cpu.isalist" value="amd64"/>
    <property name="sun.jnu.encoding" value="GBK"/>
    <property name="java.class.path" value="D:\gulimall\renren-generator\target\test-classes;D:\gulimall\renren-generator\target\classes;E:\data\org\springframework\boot\spring-boot-starter-test\2.0.6.RELEASE\spring-boot-starter-test-2.0.6.RELEASE.jar;E:\data\org\springframework\boot\spring-boot-starter\2.0.6.RELEASE\spring-boot-starter-2.0.6.RELEASE.jar;E:\data\org\springframework\boot\spring-boot\2.0.6.RELEASE\spring-boot-2.0.6.RELEASE.jar;E:\data\org\springframework\boot\spring-boot-autoconfigure\2.0.6.RELEASE\spring-boot-autoconfigure-2.0.6.RELEASE.jar;E:\data\org\springframework\boot\spring-boot-starter-logging\2.0.6.RELEASE\spring-boot-starter-logging-2.0.6.RELEASE.jar;E:\data\ch\qos\logback\logback-classic\1.2.3\logback-classic-1.2.3.jar;E:\data\ch\qos\logback\logback-core\1.2.3\logback-core-1.2.3.jar;E:\data\org\apache\logging\log4j\log4j-to-slf4j\2.10.0\log4j-to-slf4j-2.10.0.jar;E:\data\org\apache\logging\log4j\log4j-api\2.10.0\log4j-api-2.10.0.jar;E:\data\org\slf4j\jul-to-slf4j\1.7.25\jul-to-slf4j-1.7.25.jar;E:\data\javax\annotation\javax.annotation-api\1.3.2\javax.annotation-api-1.3.2.jar;E:\data\org\yaml\snakeyaml\1.19\snakeyaml-1.19.jar;E:\data\org\springframework\boot\spring-boot-test\2.0.6.RELEASE\spring-boot-test-2.0.6.RELEASE.jar;E:\data\org\springframework\boot\spring-boot-test-autoconfigure\2.0.6.RELEASE\spring-boot-test-autoconfigure-2.0.6.RELEASE.jar;E:\data\com\jayway\jsonpath\json-path\2.4.0\json-path-2.4.0.jar;E:\data\net\minidev\json-smart\2.3\json-smart-2.3.jar;E:\data\net\minidev\accessors-smart\1.2\accessors-smart-1.2.jar;E:\data\org\ow2\asm\asm\5.0.4\asm-5.0.4.jar;E:\data\org\slf4j\slf4j-api\1.7.25\slf4j-api-1.7.25.jar;E:\data\junit\junit\4.12\junit-4.12.jar;E:\data\org\assertj\assertj-core\3.9.1\assertj-core-3.9.1.jar;E:\data\org\mockito\mockito-core\2.15.0\mockito-core-2.15.0.jar;E:\data\net\bytebuddy\byte-buddy\1.7.11\byte-buddy-1.7.11.jar;E:\data\net\bytebuddy\byte-buddy-agent\1.7.11\byte-buddy-agent-1.7.11.jar;E:\data\org\objenesis\objenesis\2.6\objenesis-2.6.jar;E:\data\org\hamcrest\hamcrest-core\1.3\hamcrest-core-1.3.jar;E:\data\org\hamcrest\hamcrest-library\1.3\hamcrest-library-1.3.jar;E:\data\org\skyscreamer\jsonassert\1.5.0\jsonassert-1.5.0.jar;E:\data\com\vaadin\external\google\android-json\0.0.20131108.vaadin1\android-json-0.0.20131108.vaadin1.jar;E:\data\org\springframework\spring-core\5.0.10.RELEASE\spring-core-5.0.10.RELEASE.jar;E:\data\org\springframework\spring-jcl\5.0.10.RELEASE\spring-jcl-5.0.10.RELEASE.jar;E:\data\org\springframework\spring-test\5.0.10.RELEASE\spring-test-5.0.10.RELEASE.jar;E:\data\org\xmlunit\xmlunit-core\2.5.1\xmlunit-core-2.5.1.jar;E:\data\org\springframework\boot\spring-boot-starter-web\2.0.6.RELEASE\spring-boot-starter-web-2.0.6.RELEASE.jar;E:\data\org\springframework\boot\spring-boot-starter-json\2.0.6.RELEASE\spring-boot-starter-json-2.0.6.RELEASE.jar;E:\data\com\fasterxml\jackson\core\jackson-databind\2.9.7\jackson-databind-2.9.7.jar;E:\data\com\fasterxml\jackson\core\jackson-annotations\2.9.0\jackson-annotations-2.9.0.jar;E:\data\com\fasterxml\jackson\core\jackson-core\2.9.7\jackson-core-2.9.7.jar;E:\data\com\fasterxml\jackson\datatype\jackson-datatype-jdk8\2.9.7\jackson-datatype-jdk8-2.9.7.jar;E:\data\com\fasterxml\jackson\datatype\jackson-datatype-jsr310\2.9.7\jackson-datatype-jsr310-2.9.7.jar;E:\data\com\fasterxml\jackson\module\jackson-module-parameter-names\2.9.7\jackson-module-parameter-names-2.9.7.jar;E:\data\org\springframework\boot\spring-boot-starter-tomcat\2.0.6.RELEASE\spring-boot-starter-tomcat-2.0.6.RELEASE.jar;E:\data\org\apache\tomcat\embed\tomcat-embed-core\8.5.34\tomcat-embed-core-8.5.34.jar;E:\data\org\apache\tomcat\embed\tomcat-embed-el\8.5.34\tomcat-embed-el-8.5.34.jar;E:\data\org\apache\tomcat\embed\tomcat-embed-websocket\8.5.34\tomcat-embed-websocket-8.5.34.jar;E:\data\org\hibernate\validator\hibernate-validator\6.0.13.Final\hibernate-validator-6.0.13.Final.jar;E:\data\javax\validation\validation-api\2.0.1.Final\validation-api-2.0.1.Final.jar;E:\data\org\jboss\logging\jboss-logging\3.3.2.Final\jboss-logging-3.3.2.Final.jar;E:\data\com\fasterxml\classmate\1.3.4\classmate-1.3.4.jar;E:\data\org\springframework\spring-web\5.0.10.RELEASE\spring-web-5.0.10.RELEASE.jar;E:\data\org\springframework\spring-beans\5.0.10.RELEASE\spring-beans-5.0.10.RELEASE.jar;E:\data\org\springframework\spring-webmvc\5.0.10.RELEASE\spring-webmvc-5.0.10.RELEASE.jar;E:\data\org\springframework\spring-aop\5.0.10.RELEASE\spring-aop-5.0.10.RELEASE.jar;E:\data\org\springframework\spring-context\5.0.10.RELEASE\spring-context-5.0.10.RELEASE.jar;E:\data\org\springframework\spring-expression\5.0.10.RELEASE\spring-expression-5.0.10.RELEASE.jar;E:\data\org\mybatis\spring\boot\mybatis-spring-boot-starter\1.3.0\mybatis-spring-boot-starter-1.3.0.jar;E:\data\org\springframework\boot\spring-boot-starter-jdbc\2.0.6.RELEASE\spring-boot-starter-jdbc-2.0.6.RELEASE.jar;E:\data\com\zaxxer\HikariCP\2.7.9\HikariCP-2.7.9.jar;E:\data\org\springframework\spring-jdbc\5.0.10.RELEASE\spring-jdbc-5.0.10.RELEASE.jar;E:\data\org\springframework\spring-tx\5.0.10.RELEASE\spring-tx-5.0.10.RELEASE.jar;E:\data\org\mybatis\spring\boot\mybatis-spring-boot-autoconfigure\1.3.0\mybatis-spring-boot-autoconfigure-1.3.0.jar;E:\data\org\mybatis\mybatis\3.4.4\mybatis-3.4.4.jar;E:\data\org\mybatis\mybatis-spring\1.3.1\mybatis-spring-1.3.1.jar;E:\data\com\alibaba\druid\1.0.28\druid-1.0.28.jar;D:\devtools\jdk\jre\..\lib\jconsole.jar;D:\devtools\jdk\jre\..\lib\tools.jar;E:\data\commons-lang\commons-lang\2.6\commons-lang-2.6.jar;E:\data\commons-io\commons-io\2.5\commons-io-2.5.jar;E:\data\commons-configuration\commons-configuration\1.10\commons-configuration-1.10.jar;E:\data\commons-logging\commons-logging\1.1.1\commons-logging-1.1.1.jar;E:\data\com\alibaba\fastjson\1.2.45\fastjson-1.2.45.jar;E:\data\org\apache\velocity\velocity\1.7\velocity-1.7.jar;E:\data\commons-collections\commons-collections\3.2.1\commons-collections-3.2.1.jar;E:\data\com\github\pagehelper\pagehelper-spring-boot-starter\1.2.5\pagehelper-spring-boot-starter-1.2.5.jar;E:\data\com\github\pagehelper\pagehelper-spring-boot-autoconfigure\1.2.5\pagehelper-spring-boot-autoconfigure-1.2.5.jar;E:\data\com\github\pagehelper\pagehelper\5.1.4\pagehelper-5.1.4.jar;E:\data\com\github\jsqlparser\jsqlparser\1.0\jsqlparser-1.0.jar;E:\data\mysql\mysql-connector-java\5.1.38\mysql-connector-java-5.1.38.jar;E:\data\com\oracle\ojdbc6\11.2.0.3\ojdbc6-11.2.0.3.jar;E:\data\com\microsoft\sqlserver\sqljdbc4\4.0\sqljdbc4-4.0.jar;E:\data\org\postgresql\postgresql\42.2.5\postgresql-42.2.5.jar;"/>
    <property name="java.vm.vendor" value="Oracle Corporation"/>
    <property name="sun.arch.data.model" value="64"/>
    <property name="user.variant" value=""/>
    <property name="java.vendor.url" value="http://java.oracle.com/"/>
    <property name="user.timezone" value=""/>
    <property name="java.vm.specification.version" value="1.8"/>
    <property name="os.name" value="Windows 10"/>
    <property name="user.country" value="CN"/>
    <property name="sun.java.launcher" value="SUN_STANDARD"/>
    <property name="sun.boot.library.path" value="D:\devtools\jdk\jre\bin"/>
    <property name="sun.java.command" value="C:\Users\ZHANGQ~1\AppData\Local\Temp\surefire1675466112322533752\surefirebooter7442130849906531864.jar C:\Users\zhangqian\AppData\Local\Temp\surefire1675466112322533752 2021-07-18T13-14-53_331-jvmRun1 surefire5650537760748285792tmp surefire_09062729086961466010tmp"/>
    <property name="surefire.test.class.path" value="D:\gulimall\renren-generator\target\test-classes;D:\gulimall\renren-generator\target\classes;E:\data\org\springframework\boot\spring-boot-starter-test\2.0.6.RELEASE\spring-boot-starter-test-2.0.6.RELEASE.jar;E:\data\org\springframework\boot\spring-boot-starter\2.0.6.RELEASE\spring-boot-starter-2.0.6.RELEASE.jar;E:\data\org\springframework\boot\spring-boot\2.0.6.RELEASE\spring-boot-2.0.6.RELEASE.jar;E:\data\org\springframework\boot\spring-boot-autoconfigure\2.0.6.RELEASE\spring-boot-autoconfigure-2.0.6.RELEASE.jar;E:\data\org\springframework\boot\spring-boot-starter-logging\2.0.6.RELEASE\spring-boot-starter-logging-2.0.6.RELEASE.jar;E:\data\ch\qos\logback\logback-classic\1.2.3\logback-classic-1.2.3.jar;E:\data\ch\qos\logback\logback-core\1.2.3\logback-core-1.2.3.jar;E:\data\org\apache\logging\log4j\log4j-to-slf4j\2.10.0\log4j-to-slf4j-2.10.0.jar;E:\data\org\apache\logging\log4j\log4j-api\2.10.0\log4j-api-2.10.0.jar;E:\data\org\slf4j\jul-to-slf4j\1.7.25\jul-to-slf4j-1.7.25.jar;E:\data\javax\annotation\javax.annotation-api\1.3.2\javax.annotation-api-1.3.2.jar;E:\data\org\yaml\snakeyaml\1.19\snakeyaml-1.19.jar;E:\data\org\springframework\boot\spring-boot-test\2.0.6.RELEASE\spring-boot-test-2.0.6.RELEASE.jar;E:\data\org\springframework\boot\spring-boot-test-autoconfigure\2.0.6.RELEASE\spring-boot-test-autoconfigure-2.0.6.RELEASE.jar;E:\data\com\jayway\jsonpath\json-path\2.4.0\json-path-2.4.0.jar;E:\data\net\minidev\json-smart\2.3\json-smart-2.3.jar;E:\data\net\minidev\accessors-smart\1.2\accessors-smart-1.2.jar;E:\data\org\ow2\asm\asm\5.0.4\asm-5.0.4.jar;E:\data\org\slf4j\slf4j-api\1.7.25\slf4j-api-1.7.25.jar;E:\data\junit\junit\4.12\junit-4.12.jar;E:\data\org\assertj\assertj-core\3.9.1\assertj-core-3.9.1.jar;E:\data\org\mockito\mockito-core\2.15.0\mockito-core-2.15.0.jar;E:\data\net\bytebuddy\byte-buddy\1.7.11\byte-buddy-1.7.11.jar;E:\data\net\bytebuddy\byte-buddy-agent\1.7.11\byte-buddy-agent-1.7.11.jar;E:\data\org\objenesis\objenesis\2.6\objenesis-2.6.jar;E:\data\org\hamcrest\hamcrest-core\1.3\hamcrest-core-1.3.jar;E:\data\org\hamcrest\hamcrest-library\1.3\hamcrest-library-1.3.jar;E:\data\org\skyscreamer\jsonassert\1.5.0\jsonassert-1.5.0.jar;E:\data\com\vaadin\external\google\android-json\0.0.20131108.vaadin1\android-json-0.0.20131108.vaadin1.jar;E:\data\org\springframework\spring-core\5.0.10.RELEASE\spring-core-5.0.10.RELEASE.jar;E:\data\org\springframework\spring-jcl\5.0.10.RELEASE\spring-jcl-5.0.10.RELEASE.jar;E:\data\org\springframework\spring-test\5.0.10.RELEASE\spring-test-5.0.10.RELEASE.jar;E:\data\org\xmlunit\xmlunit-core\2.5.1\xmlunit-core-2.5.1.jar;E:\data\org\springframework\boot\spring-boot-starter-web\2.0.6.RELEASE\spring-boot-starter-web-2.0.6.RELEASE.jar;E:\data\org\springframework\boot\spring-boot-starter-json\2.0.6.RELEASE\spring-boot-starter-json-2.0.6.RELEASE.jar;E:\data\com\fasterxml\jackson\core\jackson-databind\2.9.7\jackson-databind-2.9.7.jar;E:\data\com\fasterxml\jackson\core\jackson-annotations\2.9.0\jackson-annotations-2.9.0.jar;E:\data\com\fasterxml\jackson\core\jackson-core\2.9.7\jackson-core-2.9.7.jar;E:\data\com\fasterxml\jackson\datatype\jackson-datatype-jdk8\2.9.7\jackson-datatype-jdk8-2.9.7.jar;E:\data\com\fasterxml\jackson\datatype\jackson-datatype-jsr310\2.9.7\jackson-datatype-jsr310-2.9.7.jar;E:\data\com\fasterxml\jackson\module\jackson-module-parameter-names\2.9.7\jackson-module-parameter-names-2.9.7.jar;E:\data\org\springframework\boot\spring-boot-starter-tomcat\2.0.6.RELEASE\spring-boot-starter-tomcat-2.0.6.RELEASE.jar;E:\data\org\apache\tomcat\embed\tomcat-embed-core\8.5.34\tomcat-embed-core-8.5.34.jar;E:\data\org\apache\tomcat\embed\tomcat-embed-el\8.5.34\tomcat-embed-el-8.5.34.jar;E:\data\org\apache\tomcat\embed\tomcat-embed-websocket\8.5.34\tomcat-embed-websocket-8.5.34.jar;E:\data\org\hibernate\validator\hibernate-validator\6.0.13.Final\hibernate-validator-6.0.13.Final.jar;E:\data\javax\validation\validation-api\2.0.1.Final\validation-api-2.0.1.Final.jar;E:\data\org\jboss\logging\jboss-logging\3.3.2.Final\jboss-logging-3.3.2.Final.jar;E:\data\com\fasterxml\classmate\1.3.4\classmate-1.3.4.jar;E:\data\org\springframework\spring-web\5.0.10.RELEASE\spring-web-5.0.10.RELEASE.jar;E:\data\org\springframework\spring-beans\5.0.10.RELEASE\spring-beans-5.0.10.RELEASE.jar;E:\data\org\springframework\spring-webmvc\5.0.10.RELEASE\spring-webmvc-5.0.10.RELEASE.jar;E:\data\org\springframework\spring-aop\5.0.10.RELEASE\spring-aop-5.0.10.RELEASE.jar;E:\data\org\springframework\spring-context\5.0.10.RELEASE\spring-context-5.0.10.RELEASE.jar;E:\data\org\springframework\spring-expression\5.0.10.RELEASE\spring-expression-5.0.10.RELEASE.jar;E:\data\org\mybatis\spring\boot\mybatis-spring-boot-starter\1.3.0\mybatis-spring-boot-starter-1.3.0.jar;E:\data\org\springframework\boot\spring-boot-starter-jdbc\2.0.6.RELEASE\spring-boot-starter-jdbc-2.0.6.RELEASE.jar;E:\data\com\zaxxer\HikariCP\2.7.9\HikariCP-2.7.9.jar;E:\data\org\springframework\spring-jdbc\5.0.10.RELEASE\spring-jdbc-5.0.10.RELEASE.jar;E:\data\org\springframework\spring-tx\5.0.10.RELEASE\spring-tx-5.0.10.RELEASE.jar;E:\data\org\mybatis\spring\boot\mybatis-spring-boot-autoconfigure\1.3.0\mybatis-spring-boot-autoconfigure-1.3.0.jar;E:\data\org\mybatis\mybatis\3.4.4\mybatis-3.4.4.jar;E:\data\org\mybatis\mybatis-spring\1.3.1\mybatis-spring-1.3.1.jar;E:\data\com\alibaba\druid\1.0.28\druid-1.0.28.jar;D:\devtools\jdk\jre\..\lib\jconsole.jar;D:\devtools\jdk\jre\..\lib\tools.jar;E:\data\commons-lang\commons-lang\2.6\commons-lang-2.6.jar;E:\data\commons-io\commons-io\2.5\commons-io-2.5.jar;E:\data\commons-configuration\commons-configuration\1.10\commons-configuration-1.10.jar;E:\data\commons-logging\commons-logging\1.1.1\commons-logging-1.1.1.jar;E:\data\com\alibaba\fastjson\1.2.45\fastjson-1.2.45.jar;E:\data\org\apache\velocity\velocity\1.7\velocity-1.7.jar;E:\data\commons-collections\commons-collections\3.2.1\commons-collections-3.2.1.jar;E:\data\com\github\pagehelper\pagehelper-spring-boot-starter\1.2.5\pagehelper-spring-boot-starter-1.2.5.jar;E:\data\com\github\pagehelper\pagehelper-spring-boot-autoconfigure\1.2.5\pagehelper-spring-boot-autoconfigure-1.2.5.jar;E:\data\com\github\pagehelper\pagehelper\5.1.4\pagehelper-5.1.4.jar;E:\data\com\github\jsqlparser\jsqlparser\1.0\jsqlparser-1.0.jar;E:\data\mysql\mysql-connector-java\5.1.38\mysql-connector-java-5.1.38.jar;E:\data\com\oracle\ojdbc6\11.2.0.3\ojdbc6-11.2.0.3.jar;E:\data\com\microsoft\sqlserver\sqljdbc4\4.0\sqljdbc4-4.0.jar;E:\data\org\postgresql\postgresql\42.2.5\postgresql-42.2.5.jar;"/>
    <property name="sun.cpu.endian" value="little"/>
    <property name="user.home" value="C:\Users\zhangqian"/>
    <property name="user.language" value="zh"/>
    <property name="java.specification.vendor" value="Oracle Corporation"/>
    <property name="java.home" value="D:\devtools\jdk\jre"/>
    <property name="basedir" value="D:\gulimall\renren-generator"/>
    <property name="file.separator" value="\"/>
    <property name="line.separator" value="&#10;"/>
    <property name="java.vm.specification.vendor" value="Oracle Corporation"/>
    <property name="java.specification.name" value="Java Platform API Specification"/>
    <property name="java.awt.graphicsenv" value="sun.awt.Win32GraphicsEnvironment"/>
    <property name="idea.version2020.1.2" value="true"/>
    <property name="surefire.real.class.path" value="C:\Users\ZHANGQ~1\AppData\Local\Temp\surefire1675466112322533752\surefirebooter7442130849906531864.jar"/>
    <property name="sun.boot.class.path" value="D:\devtools\jdk\jre\lib\resources.jar;D:\devtools\jdk\jre\lib\rt.jar;D:\devtools\jdk\jre\lib\sunrsasign.jar;D:\devtools\jdk\jre\lib\jsse.jar;D:\devtools\jdk\jre\lib\jce.jar;D:\devtools\jdk\jre\lib\charsets.jar;D:\devtools\jdk\jre\lib\jfr.jar;D:\devtools\jdk\jre\classes"/>
    <property name="user.script" value=""/>
    <property name="sun.management.compiler" value="HotSpot 64-Bit Tiered Compilers"/>
    <property name="java.runtime.version" value="1.8.0_171-b11"/>
    <property name="user.name" value="zhangqian"/>
    <property name="path.separator" value=";"/>
    <property name="os.version" value="10.0"/>
    <property name="java.endorsed.dirs" value="D:\devtools\jdk\jre\lib\endorsed"/>
    <property name="java.runtime.name" value="Java(TM) SE Runtime Environment"/>
    <property name="file.encoding" value="GBK"/>
    <property name="java.vm.name" value="Java HotSpot(TM) 64-Bit Server VM"/>
    <property name="localRepository" value="E:\data"/>
    <property name="java.vendor.url.bug" value="http://bugreport.sun.com/bugreport/"/>
    <property name="java.io.tmpdir" value="C:\Users\ZHANGQ~1\AppData\Local\Temp\"/>
    <property name="java.version" value="1.8.0_171"/>
    <property name="user.dir" value="D:\gulimall\renren-generator"/>
    <property name="os.arch" value="amd64"/>
    <property name="java.vm.specification.name" value="Java Virtual Machine Specification"/>
    <property name="java.awt.printerjob" value="sun.awt.windows.WPrinterJob"/>
    <property name="sun.os.patch.level" value=""/>
    <property name="java.library.path" value="D:\devtools\jdk\jre\bin;C:\WINDOWS\Sun\Java\bin;C:\WINDOWS\system32;C:\WINDOWS;C:\Program Files (x86)\Common Files\Oracle\Java\javapath;C:\Windows\system32;C:\Windows;C:\Windows\System32\Wbem;C:\Windows\System32\WindowsPowerShell\v1.0\;C:\Windows\System32\OpenSSH\;C:\Program Files\NVIDIA Corporation\NVIDIA NvDLISR;&quot;D:\devtools\jdk\bin;&quot;;&quot;D:\devtools\jdk\jre\bin;C:\Program Files (x86)\NVIDIA Corporation\PhysX\Common;D:\apache-maven-3.6.0\bin;D:\environment\vagrant\bin;D:\nodejs\;C:\Users\zhangqian\AppData\Local\Programs\Python\Python38;C:\WINDOWS\system32;C:\WINDOWS;%SystemRoot&quot;;D:\environment\vagrant\bin;D:\devtools\git\cmd;C:\Users\zhangqian\AppData\Local\Programs\Python\Python38\Scripts\;C:\Users\zhangqian\AppData\Local\Programs\Python\Python38\;C:\Users\zhangqian\AppData\Local\Microsoft\WindowsApps;D:\devtools\vscode\Microsoft VS Code\bin;C:\Users\zhangqian\AppData\Roaming\npm;D:\nodejs;;."/>
    <property name="java.vm.info" value="mixed mode"/>
    <property name="java.vendor" value="Oracle Corporation"/>
    <property name="java.vm.version" value="25.171-b11"/>
    <property name="java.ext.dirs" value="D:\devtools\jdk\jre\lib\ext;C:\WINDOWS\Sun\Java\lib\ext"/>
    <property name="sun.io.unicode.encoding" value="UnicodeLittle"/>
    <property name="java.class.version" value="52.0"/>
  </properties>
  <testcase name="contextLoads" classname="io.renren.RenrenApplicationTests" time="0.09"/>
</testsuite>